# JRE version: OpenJDK Runtime Environment Temurin-17.0.12+7 (17.0.12+7) (build 17.0.12+7)
# Java VM: OpenJDK 64-Bit Server VM Temurin-17.0.12+7 (17.0.12+7, mixed mode, emulated-client, tiered, compressed oops, compressed class ptrs, g1 gc, windows-amd64)
GC Precious Log:
 CPUs: 4 total, 4 available
 Memory: 4011M
 Large Page Support: Disabled
 NUMA Support: Disabled
 Compressed Oops: Enabled (32-bit)
 Heap Region Size: 1M
 Heap Min Capacity: 8M
 Heap Initial Capacity: 64M
 Heap Max Capacity: 1G
 Pre-touch: Disabled
 Parallel Workers: 4
 Concurrent Workers: 1
 Concurrent Refinement Workers: 4
 Periodic GC: Disabled
Heap:
 garbage-first heap   total 78848K, used 25459K [0x00000000c0000000, 0x0000000100000000)
  region size 1024K, 1 young (1024K), 0 survivors (0K)
 Metaspace       used 41195K, committed 41728K, reserved 1114112K
  class space    used 5276K, committed 5504K, reserved 1048576K
GC Heap History (20 events):
Event: 479.890 GC heap after
{Heap after GC invocations=53 (full 42):
 garbage-first heap   total 78848K, used 25459K [0x00000000c0000000, 0x0000000100000000)
  region size 1024K, 0 young (0K), 0 survivors (0K)
 Metaspace       used 41194K, committed 41728K, reserved 1114112K
  class space    used 5276K, committed 5504K, reserved 1048576K
}
Event: 490.046 GC heap before
{Heap before GC invocations=53 (full 42):
 garbage-first heap   total 78848K, used 25459K [0x00000000c0000000, 0x0000000100000000)
  region size 1024K, 1 young (1024K), 0 survivors (0K)
 Metaspace       used 41194K, committed 41728K, reserved 1114112K
  class space    used 5276K, committed 5504K, reserved 1048576K
}
Event: 490.070 GC heap after
{Heap after GC invocations=54 (full 43):
 garbage-first heap   total 78848K, used 25459K [0x00000000c0000000, 0x0000000100000000)
  region size 1024K, 0 young (0K), 0 survivors (0K)
 Metaspace       used 41194K, committed 41728K, reserved 1114112K
  class space    used 5276K, committed 5504K, reserved 1048576K
}
Event: 500.223 GC heap before
{Heap before GC invocations=54 (full 43):
 garbage-first heap   total 78848K, used 25459K [0x00000000c0000000, 0x0000000100000000)
  region size 1024K, 1 young (1024K), 0 survivors (0K)
 Metaspace       used 41194K, committed 41728K, reserved 1114112K
  class space    used 5276K, committed 5504K, reserved 1048576K
}
Event: 500.249 GC heap after
{Heap after GC invocations=55 (full 44):
 garbage-first heap   total 78848K, used 25459K [0x00000000c0000000, 0x0000000100000000)
  region size 1024K, 0 young (0K), 0 survivors (0K)
 Metaspace       used 41194K, committed 41728K, reserved 1114112K
  class space    used 5276K, committed 5504K, reserved 1048576K
}
Event: 510.392 GC heap before
{Heap before GC invocations=55 (full 44):
 garbage-first heap   total 78848K, used 25459K [0x00000000c0000000, 0x0000000100000000)
  region size 1024K, 1 young (1024K), 0 survivors (0K)
 Metaspace       used 41194K, committed 41728K, reserved 1114112K
  class space    used 5276K, committed 5504K, reserved 1048576K
}
Event: 510.416 GC heap after
{Heap after GC invocations=56 (full 45):
 garbage-first heap   total 78848K, used 25459K [0x00000000c0000000, 0x0000000100000000)
  region size 1024K, 0 young (0K), 0 survivors (0K)
 Metaspace       used 41194K, committed 41728K, reserved 1114112K
  class space    used 5276K, committed 5504K, reserved 1048576K
}
Event: 520.562 GC heap before
{Heap before GC invocations=56 (full 45):
 garbage-first heap   total 78848K, used 25459K [0x00000000c0000000, 0x0000000100000000)
  region size 1024K, 1 young (1024K), 0 survivors (0K)
 Metaspace       used 41194K, committed 41728K, reserved 1114112K
  class space    used 5276K, committed 5504K, reserved 1048576K
}
Event: 520.587 GC heap after
{Heap after GC invocations=57 (full 46):
 garbage-first heap   total 78848K, used 25459K [0x00000000c0000000, 0x0000000100000000)
  region size 1024K, 0 young (0K), 0 survivors (0K)
 Metaspace       used 41194K, committed 41728K, reserved 1114112K
  class space    used 5276K, committed 5504K, reserved 1048576K
}
Event: 530.731 GC heap before
{Heap before GC invocations=57 (full 46):
 garbage-first heap   total 78848K, used 25459K [0x00000000c0000000, 0x0000000100000000)
  region size 1024K, 1 young (1024K), 0 survivors (0K)
 Metaspace       used 41194K, committed 41728K, reserved 1114112K
  class space    used 5276K, committed 5504K, reserved 1048576K
}
Event: 530.759 GC heap after
{Heap after GC invocations=58 (full 47):
 garbage-first heap   total 78848K, used 25459K [0x00000000c0000000, 0x0000000100000000)
  region size 1024K, 0 young (0K), 0 survivors (0K)
 Metaspace       used 41194K, committed 41728K, reserved 1114112K
  class space    used 5276K, committed 5504K, reserved 1048576K
}
Event: 540.905 GC heap before
{Heap before GC invocations=58 (full 47):
 garbage-first heap   total 78848K, used 25459K [0x00000000c0000000, 0x0000000100000000)
  region size 1024K, 1 young (1024K), 0 survivors (0K)
 Metaspace       used 41194K, committed 41728K, reserved 1114112K
  class space    used 5276K, committed 5504K, reserved 1048576K
}
Event: 540.929 GC heap after
{Heap after GC invocations=59 (full 48):
 garbage-first heap   total 78848K, used 25459K [0x00000000c0000000, 0x0000000100000000)
  region size 1024K, 0 young (0K), 0 survivors (0K)
 Metaspace       used 41194K, committed 41728K, reserved 1114112K
  class space    used 5276K, committed 5504K, reserved 1048576K
}
Event: 551.077 GC heap before
{Heap before GC invocations=59 (full 48):
 garbage-first heap   total 78848K, used 25459K [0x00000000c0000000, 0x0000000100000000)
  region size 1024K, 1 young (1024K), 0 survivors (0K)
 Metaspace       used 41194K, committed 41728K, reserved 1114112K
  class space    used 5276K, committed 5504K, reserved 1048576K
}
Event: 551.102 GC heap after
{Heap after GC invocations=60 (full 49):
 garbage-first heap   total 78848K, used 25459K [0x00000000c0000000, 0x0000000100000000)
  region size 1024K, 0 young (0K), 0 survivors (0K)
 Metaspace       used 41194K, committed 41728K, reserved 1114112K
  class space    used 5276K, committed 5504K, reserved 1048576K
}
Event: 561.250 GC heap before
{Heap before GC invocations=60 (full 49):
 garbage-first heap   total 78848K, used 25459K [0x00000000c0000000, 0x0000000100000000)
  region size 1024K, 1 young (1024K), 0 survivors (0K)
 Metaspace       used 41194K, committed 41728K, reserved 1114112K
  class space    used 5276K, committed 5504K, reserved 1048576K
}
Event: 561.274 GC heap after
{Heap after GC invocations=61 (full 50):
 garbage-first heap   total 78848K, used 25459K [0x00000000c0000000, 0x0000000100000000)
  region size 1024K, 0 young (0K), 0 survivors (0K)
 Metaspace       used 41194K, committed 41728K, reserved 1114112K
  class space    used 5276K, committed 5504K, reserved 1048576K
}
Event: 571.423 GC heap before
{Heap before GC invocations=61 (full 50):
 garbage-first heap   total 78848K, used 25459K [0x00000000c0000000, 0x0000000100000000)
  region size 1024K, 1 young (1024K), 0 survivors (0K)
 Metaspace       used 41194K, committed 41728K, reserved 1114112K
  class space    used 5276K, committed 5504K, reserved 1048576K
}
Event: 571.451 GC heap after
{Heap after GC invocations=62 (full 51):
 garbage-first heap   total 78848K, used 25459K [0x00000000c0000000, 0x0000000100000000)
  region size 1024K, 0 young (0K), 0 survivors (0K)
 Metaspace       used 41194K, committed 41728K, reserved 1114112K
  class space    used 5276K, committed 5504K, reserved 1048576K
}
Event: 581.503 GC heap before
{Heap before GC invocations=62 (full 51):
 garbage-first heap   total 78848K, used 25459K [0x00000000c0000000, 0x0000000100000000)
  region size 1024K, 1 young (1024K), 0 survivors (0K)
 Metaspace       used 41195K, committed 41728K, reserved 1114112K
  class space    used 5276K, committed 5504K, reserved 1048576K
}

