# JRE version: OpenJDK Runtime Environment Temurin-17.0.12+7 (17.0.12+7) (build 17.0.12+7)
# Java VM: OpenJDK 64-Bit Server VM Temurin-17.0.12+7 (17.0.12+7, mixed mode, emulated-client, tiered, compressed oops, compressed class ptrs, g1 gc, windows-amd64)
GC Precious Log:
 CPUs: 4 total, 4 available
 Memory: 4011M
 Large Page Support: Disabled
 NUMA Support: Disabled
 Compressed Oops: Enabled (32-bit)
 Heap Region Size: 1M
 Heap Min Capacity: 8M
 Heap Initial Capacity: 64M
 Heap Max Capacity: 1G
 Pre-touch: Disabled
 Parallel Workers: 4
 Concurrent Workers: 1
 Concurrent Refinement Workers: 4
 Periodic GC: Disabled
Heap:
 garbage-first heap   total 65536K, used 25655K [0x00000000c0000000, 0x0000000100000000)
  region size 1024K, 11 young (11264K), 2 survivors (2048K)
 Metaspace       used 14973K, committed 15168K, reserved 1114112K
  class space    used 1897K, committed 1984K, reserved 1048576K
GC Heap History (6 events):
Event: 4.732 GC heap before
{Heap before GC invocations=0 (full 0):
 garbage-first heap   total 65536K, used 18432K [0x00000000c0000000, 0x0000000100000000)
  region size 1024K, 13 young (13312K), 0 survivors (0K)
 Metaspace       used 5233K, committed 5312K, reserved 1114112K
  class space    used 486K, committed 512K, reserved 1048576K
}
Event: 4.760 GC heap after
{Heap after GC invocations=1 (full 0):
 garbage-first heap   total 65536K, used 15045K [0x00000000c0000000, 0x0000000100000000)
  region size 1024K, 2 young (2048K), 2 survivors (2048K)
 Metaspace       used 5233K, committed 5312K, reserved 1114112K
  class space    used 486K, committed 512K, reserved 1048576K
}
Event: 9.531 GC heap before
{Heap before GC invocations=1 (full 0):
 garbage-first heap   total 65536K, used 21189K [0x00000000c0000000, 0x0000000100000000)
  region size 1024K, 9 young (9216K), 2 survivors (2048K)
 Metaspace       used 7654K, committed 7808K, reserved 1114112K
  class space    used 811K, committed 896K, reserved 1048576K
}
Event: 9.537 GC heap after
{Heap after GC invocations=2 (full 0):
 garbage-first heap   total 65536K, used 16120K [0x00000000c0000000, 0x0000000100000000)
  region size 1024K, 2 young (2048K), 2 survivors (2048K)
 Metaspace       used 7654K, committed 7808K, reserved 1114112K
  class space    used 811K, committed 896K, reserved 1048576K
}
Event: 10.831 GC heap before
{Heap before GC invocations=2 (full 0):
 garbage-first heap   total 65536K, used 29432K [0x00000000c0000000, 0x0000000100000000)
  region size 1024K, 15 young (15360K), 2 survivors (2048K)
 Metaspace       used 12881K, committed 13056K, reserved 1114112K
  class space    used 1594K, committed 1664K, reserved 1048576K
}
Event: 10.837 GC heap after
{Heap after GC invocations=3 (full 0):
 garbage-first heap   total 65536K, used 17463K [0x00000000c0000000, 0x0000000100000000)
  region size 1024K, 2 young (2048K), 2 survivors (2048K)
 Metaspace       used 12881K, committed 13056K, reserved 1114112K
  class space    used 1594K, committed 1664K, reserved 1048576K
}

