# JRE version: OpenJDK Runtime Environment Temurin-17.0.12+7 (17.0.12+7) (build 17.0.12+7)
# Java VM: OpenJDK 64-Bit Server VM Temurin-17.0.12+7 (17.0.12+7, mixed mode, emulated-client, tiered, compressed oops, compressed class ptrs, g1 gc, windows-amd64)
GC Precious Log:
 CPUs: 4 total, 4 available
 Memory: 4011M
 Large Page Support: Disabled
 NUMA Support: Disabled
 Compressed Oops: Enabled (32-bit)
 Heap Region Size: 1M
 Heap Min Capacity: 8M
 Heap Initial Capacity: 64M
 Heap Max Capacity: 1G
 Pre-touch: Disabled
 Parallel Workers: 4
 Concurrent Workers: 1
 Concurrent Refinement Workers: 4
 Periodic GC: Disabled
Heap:
 garbage-first heap   total 99328K, used 38422K [0x00000000c0000000, 0x0000000100000000)
  region size 1024K, 1 young (1024K), 0 survivors (0K)
 Metaspace       used 61640K, committed 62144K, reserved 1114112K
  class space    used 7767K, committed 8000K, reserved 1048576K
GC Heap History (20 events):
Event: 4596.136 GC heap after
{Heap after GC invocations=432 (full 353):
 garbage-first heap   total 99328K, used 38422K [0x00000000c0000000, 0x0000000100000000)
  region size 1024K, 0 young (0K), 0 survivors (0K)
 Metaspace       used 61640K, committed 62144K, reserved 1114112K
  class space    used 7767K, committed 8000K, reserved 1048576K
}
Event: 4606.290 GC heap before
{Heap before GC invocations=432 (full 353):
 garbage-first heap   total 99328K, used 38422K [0x00000000c0000000, 0x0000000100000000)
  region size 1024K, 1 young (1024K), 0 survivors (0K)
 Metaspace       used 61640K, committed 62144K, reserved 1114112K
  class space    used 7767K, committed 8000K, reserved 1048576K
}
Event: 4606.338 GC heap after
{Heap after GC invocations=433 (full 354):
 garbage-first heap   total 99328K, used 38422K [0x00000000c0000000, 0x0000000100000000)
  region size 1024K, 0 young (0K), 0 survivors (0K)
 Metaspace       used 61640K, committed 62144K, reserved 1114112K
  class space    used 7767K, committed 8000K, reserved 1048576K
}
Event: 4616.485 GC heap before
{Heap before GC invocations=433 (full 354):
 garbage-first heap   total 99328K, used 38422K [0x00000000c0000000, 0x0000000100000000)
  region size 1024K, 1 young (1024K), 0 survivors (0K)
 Metaspace       used 61640K, committed 62144K, reserved 1114112K
  class space    used 7767K, committed 8000K, reserved 1048576K
}
Event: 4616.537 GC heap after
{Heap after GC invocations=434 (full 355):
 garbage-first heap   total 99328K, used 38422K [0x00000000c0000000, 0x0000000100000000)
  region size 1024K, 0 young (0K), 0 survivors (0K)
 Metaspace       used 61640K, committed 62144K, reserved 1114112K
  class space    used 7767K, committed 8000K, reserved 1048576K
}
Event: 4626.686 GC heap before
{Heap before GC invocations=434 (full 355):
 garbage-first heap   total 99328K, used 38422K [0x00000000c0000000, 0x0000000100000000)
  region size 1024K, 1 young (1024K), 0 survivors (0K)
 Metaspace       used 61640K, committed 62144K, reserved 1114112K
  class space    used 7767K, committed 8000K, reserved 1048576K
}
Event: 4626.732 GC heap after
{Heap after GC invocations=435 (full 356):
 garbage-first heap   total 99328K, used 38422K [0x00000000c0000000, 0x0000000100000000)
  region size 1024K, 0 young (0K), 0 survivors (0K)
 Metaspace       used 61640K, committed 62144K, reserved 1114112K
  class space    used 7767K, committed 8000K, reserved 1048576K
}
Event: 4636.879 GC heap before
{Heap before GC invocations=435 (full 356):
 garbage-first heap   total 99328K, used 38422K [0x00000000c0000000, 0x0000000100000000)
  region size 1024K, 1 young (1024K), 0 survivors (0K)
 Metaspace       used 61640K, committed 62144K, reserved 1114112K
  class space    used 7767K, committed 8000K, reserved 1048576K
}
Event: 4636.925 GC heap after
{Heap after GC invocations=436 (full 357):
 garbage-first heap   total 99328K, used 38422K [0x00000000c0000000, 0x0000000100000000)
  region size 1024K, 0 young (0K), 0 survivors (0K)
 Metaspace       used 61640K, committed 62144K, reserved 1114112K
  class space    used 7767K, committed 8000K, reserved 1048576K
}
Event: 4647.085 GC heap before
{Heap before GC invocations=436 (full 357):
 garbage-first heap   total 99328K, used 38422K [0x00000000c0000000, 0x0000000100000000)
  region size 1024K, 1 young (1024K), 0 survivors (0K)
 Metaspace       used 61640K, committed 62144K, reserved 1114112K
  class space    used 7767K, committed 8000K, reserved 1048576K
}
Event: 4647.142 GC heap after
{Heap after GC invocations=437 (full 358):
 garbage-first heap   total 99328K, used 38422K [0x00000000c0000000, 0x0000000100000000)
  region size 1024K, 0 young (0K), 0 survivors (0K)
 Metaspace       used 61640K, committed 62144K, reserved 1114112K
  class space    used 7767K, committed 8000K, reserved 1048576K
}
Event: 4657.297 GC heap before
{Heap before GC invocations=437 (full 358):
 garbage-first heap   total 99328K, used 38422K [0x00000000c0000000, 0x0000000100000000)
  region size 1024K, 1 young (1024K), 0 survivors (0K)
 Metaspace       used 61640K, committed 62144K, reserved 1114112K
  class space    used 7767K, committed 8000K, reserved 1048576K
}
Event: 4657.349 GC heap after
{Heap after GC invocations=438 (full 359):
 garbage-first heap   total 99328K, used 38422K [0x00000000c0000000, 0x0000000100000000)
  region size 1024K, 0 young (0K), 0 survivors (0K)
 Metaspace       used 61640K, committed 62144K, reserved 1114112K
  class space    used 7767K, committed 8000K, reserved 1048576K
}
Event: 4667.504 GC heap before
{Heap before GC invocations=438 (full 359):
 garbage-first heap   total 99328K, used 38422K [0x00000000c0000000, 0x0000000100000000)
  region size 1024K, 1 young (1024K), 0 survivors (0K)
 Metaspace       used 61640K, committed 62144K, reserved 1114112K
  class space    used 7767K, committed 8000K, reserved 1048576K
}
Event: 4667.551 GC heap after
{Heap after GC invocations=439 (full 360):
 garbage-first heap   total 99328K, used 38422K [0x00000000c0000000, 0x0000000100000000)
  region size 1024K, 0 young (0K), 0 survivors (0K)
 Metaspace       used 61640K, committed 62144K, reserved 1114112K
  class space    used 7767K, committed 8000K, reserved 1048576K
}
Event: 4677.713 GC heap before
{Heap before GC invocations=439 (full 360):
 garbage-first heap   total 99328K, used 38422K [0x00000000c0000000, 0x0000000100000000)
  region size 1024K, 1 young (1024K), 0 survivors (0K)
 Metaspace       used 61640K, committed 62144K, reserved 1114112K
  class space    used 7767K, committed 8000K, reserved 1048576K
}
Event: 4677.760 GC heap after
{Heap after GC invocations=440 (full 361):
 garbage-first heap   total 99328K, used 38422K [0x00000000c0000000, 0x0000000100000000)
  region size 1024K, 0 young (0K), 0 survivors (0K)
 Metaspace       used 61640K, committed 62144K, reserved 1114112K
  class space    used 7767K, committed 8000K, reserved 1048576K
}
Event: 4687.921 GC heap before
{Heap before GC invocations=440 (full 361):
 garbage-first heap   total 99328K, used 38422K [0x00000000c0000000, 0x0000000100000000)
  region size 1024K, 1 young (1024K), 0 survivors (0K)
 Metaspace       used 61640K, committed 62144K, reserved 1114112K
  class space    used 7767K, committed 8000K, reserved 1048576K
}
Event: 4687.979 GC heap after
{Heap after GC invocations=441 (full 362):
 garbage-first heap   total 99328K, used 38422K [0x00000000c0000000, 0x0000000100000000)
  region size 1024K, 0 young (0K), 0 survivors (0K)
 Metaspace       used 61640K, committed 62144K, reserved 1114112K
  class space    used 7767K, committed 8000K, reserved 1048576K
}
Event: 4698.065 GC heap before
{Heap before GC invocations=441 (full 362):
 garbage-first heap   total 99328K, used 38422K [0x00000000c0000000, 0x0000000100000000)
  region size 1024K, 1 young (1024K), 0 survivors (0K)
 Metaspace       used 61640K, committed 62144K, reserved 1114112K
  class space    used 7767K, committed 8000K, reserved 1048576K
}

