# JRE version: OpenJDK Runtime Environment Temurin-17.0.12+7 (17.0.12+7) (build 17.0.12+7)
# Java VM: OpenJDK 64-Bit Server VM Temurin-17.0.12+7 (17.0.12+7, mixed mode, emulated-client, tiered, compressed oops, compressed class ptrs, g1 gc, windows-amd64)
GC Precious Log:
 CPUs: 4 total, 4 available
 Memory: 4011M
 Large Page Support: Disabled
 NUMA Support: Disabled
 Compressed Oops: Enabled (32-bit)
 Heap Region Size: 1M
 Heap Min Capacity: 8M
 Heap Initial Capacity: 64M
 Heap Max Capacity: 1G
 Pre-touch: Disabled
 Parallel Workers: 4
 Concurrent Workers: 1
 Concurrent Refinement Workers: 4
 Periodic GC: Disabled
Heap:
 garbage-first heap   total 130048K, used 38528K [0x00000000c0000000, 0x0000000100000000)
  region size 1024K, 1 young (1024K), 0 survivors (0K)
 Metaspace       used 61018K, committed 61568K, reserved 1114112K
  class space    used 7695K, committed 7936K, reserved 1048576K
GC Heap History (20 events):
Event: 821.996 GC heap after
{Heap after GC invocations=75 (full 46):
 garbage-first heap   total 130048K, used 38528K [0x00000000c0000000, 0x0000000100000000)
  region size 1024K, 0 young (0K), 0 survivors (0K)
 Metaspace       used 61018K, committed 61568K, reserved 1114112K
  class space    used 7695K, committed 7936K, reserved 1048576K
}
Event: 834.269 GC heap before
{Heap before GC invocations=75 (full 46):
 garbage-first heap   total 130048K, used 38528K [0x00000000c0000000, 0x0000000100000000)
  region size 1024K, 1 young (1024K), 0 survivors (0K)
 Metaspace       used 61018K, committed 61568K, reserved 1114112K
  class space    used 7695K, committed 7936K, reserved 1048576K
}
Event: 834.323 GC heap after
{Heap after GC invocations=76 (full 47):
 garbage-first heap   total 130048K, used 38528K [0x00000000c0000000, 0x0000000100000000)
  region size 1024K, 0 young (0K), 0 survivors (0K)
 Metaspace       used 61018K, committed 61568K, reserved 1114112K
  class space    used 7695K, committed 7936K, reserved 1048576K
}
Event: 848.779 GC heap before
{Heap before GC invocations=76 (full 47):
 garbage-first heap   total 130048K, used 38528K [0x00000000c0000000, 0x0000000100000000)
  region size 1024K, 1 young (1024K), 0 survivors (0K)
 Metaspace       used 61018K, committed 61568K, reserved 1114112K
  class space    used 7695K, committed 7936K, reserved 1048576K
}
Event: 849.017 GC heap after
{Heap after GC invocations=77 (full 48):
 garbage-first heap   total 130048K, used 38528K [0x00000000c0000000, 0x0000000100000000)
  region size 1024K, 0 young (0K), 0 survivors (0K)
 Metaspace       used 61018K, committed 61568K, reserved 1114112K
  class space    used 7695K, committed 7936K, reserved 1048576K
}
Event: 861.200 GC heap before
{Heap before GC invocations=77 (full 48):
 garbage-first heap   total 130048K, used 38528K [0x00000000c0000000, 0x0000000100000000)
  region size 1024K, 1 young (1024K), 0 survivors (0K)
 Metaspace       used 61018K, committed 61568K, reserved 1114112K
  class space    used 7695K, committed 7936K, reserved 1048576K
}
Event: 861.252 GC heap after
{Heap after GC invocations=78 (full 49):
 garbage-first heap   total 130048K, used 38528K [0x00000000c0000000, 0x0000000100000000)
  region size 1024K, 0 young (0K), 0 survivors (0K)
 Metaspace       used 61018K, committed 61568K, reserved 1114112K
  class space    used 7695K, committed 7936K, reserved 1048576K
}
Event: 871.873 GC heap before
{Heap before GC invocations=78 (full 49):
 garbage-first heap   total 130048K, used 38528K [0x00000000c0000000, 0x0000000100000000)
  region size 1024K, 1 young (1024K), 0 survivors (0K)
 Metaspace       used 61018K, committed 61568K, reserved 1114112K
  class space    used 7695K, committed 7936K, reserved 1048576K
}
Event: 871.909 GC heap after
{Heap after GC invocations=79 (full 50):
 garbage-first heap   total 130048K, used 38528K [0x00000000c0000000, 0x0000000100000000)
  region size 1024K, 0 young (0K), 0 survivors (0K)
 Metaspace       used 61018K, committed 61568K, reserved 1114112K
  class space    used 7695K, committed 7936K, reserved 1048576K
}
Event: 884.739 GC heap before
{Heap before GC invocations=79 (full 50):
 garbage-first heap   total 130048K, used 38528K [0x00000000c0000000, 0x0000000100000000)
  region size 1024K, 1 young (1024K), 0 survivors (0K)
 Metaspace       used 61018K, committed 61568K, reserved 1114112K
  class space    used 7695K, committed 7936K, reserved 1048576K
}
Event: 884.800 GC heap after
{Heap after GC invocations=80 (full 51):
 garbage-first heap   total 130048K, used 38528K [0x00000000c0000000, 0x0000000100000000)
  region size 1024K, 0 young (0K), 0 survivors (0K)
 Metaspace       used 61018K, committed 61568K, reserved 1114112K
  class space    used 7695K, committed 7936K, reserved 1048576K
}
Event: 896.835 GC heap before
{Heap before GC invocations=80 (full 51):
 garbage-first heap   total 130048K, used 38528K [0x00000000c0000000, 0x0000000100000000)
  region size 1024K, 1 young (1024K), 0 survivors (0K)
 Metaspace       used 61018K, committed 61568K, reserved 1114112K
  class space    used 7695K, committed 7936K, reserved 1048576K
}
Event: 896.888 GC heap after
{Heap after GC invocations=81 (full 52):
 garbage-first heap   total 130048K, used 38528K [0x00000000c0000000, 0x0000000100000000)
  region size 1024K, 0 young (0K), 0 survivors (0K)
 Metaspace       used 61018K, committed 61568K, reserved 1114112K
  class space    used 7695K, committed 7936K, reserved 1048576K
}
Event: 907.819 GC heap before
{Heap before GC invocations=81 (full 52):
 garbage-first heap   total 130048K, used 38528K [0x00000000c0000000, 0x0000000100000000)
  region size 1024K, 1 young (1024K), 0 survivors (0K)
 Metaspace       used 61018K, committed 61568K, reserved 1114112K
  class space    used 7695K, committed 7936K, reserved 1048576K
}
Event: 907.867 GC heap after
{Heap after GC invocations=82 (full 53):
 garbage-first heap   total 130048K, used 38528K [0x00000000c0000000, 0x0000000100000000)
  region size 1024K, 0 young (0K), 0 survivors (0K)
 Metaspace       used 61018K, committed 61568K, reserved 1114112K
  class space    used 7695K, committed 7936K, reserved 1048576K
}
Event: 919.020 GC heap before
{Heap before GC invocations=82 (full 53):
 garbage-first heap   total 130048K, used 38528K [0x00000000c0000000, 0x0000000100000000)
  region size 1024K, 1 young (1024K), 0 survivors (0K)
 Metaspace       used 61018K, committed 61568K, reserved 1114112K
  class space    used 7695K, committed 7936K, reserved 1048576K
}
Event: 919.580 GC heap after
{Heap after GC invocations=83 (full 54):
 garbage-first heap   total 130048K, used 38528K [0x00000000c0000000, 0x0000000100000000)
  region size 1024K, 0 young (0K), 0 survivors (0K)
 Metaspace       used 61018K, committed 61568K, reserved 1114112K
  class space    used 7695K, committed 7936K, reserved 1048576K
}
Event: 933.123 GC heap before
{Heap before GC invocations=83 (full 54):
 garbage-first heap   total 130048K, used 38528K [0x00000000c0000000, 0x0000000100000000)
  region size 1024K, 1 young (1024K), 0 survivors (0K)
 Metaspace       used 61018K, committed 61568K, reserved 1114112K
  class space    used 7695K, committed 7936K, reserved 1048576K
}
Event: 933.182 GC heap after
{Heap after GC invocations=84 (full 55):
 garbage-first heap   total 130048K, used 38528K [0x00000000c0000000, 0x0000000100000000)
  region size 1024K, 0 young (0K), 0 survivors (0K)
 Metaspace       used 61018K, committed 61568K, reserved 1114112K
  class space    used 7695K, committed 7936K, reserved 1048576K
}
Event: 944.278 GC heap before
{Heap before GC invocations=84 (full 55):
 garbage-first heap   total 130048K, used 38528K [0x00000000c0000000, 0x0000000100000000)
  region size 1024K, 1 young (1024K), 0 survivors (0K)
 Metaspace       used 61018K, committed 61568K, reserved 1114112K
  class space    used 7695K, committed 7936K, reserved 1048576K
}

